app/build/outputs/logs/manifest-merger-debug-report.txt
-- Merging decision tree log ---
manifest
ADDED from src/main/AndroidManifest.xml:17:1-125:12
	package
		ADDED from src/main/AndroidManifest.xml:18:5-54
		INJECTED from src/main/AndroidManifest.xml
		INJECTED from src/main/AndroidManifest.xml
	android:versionName
		INJECTED from src/main/AndroidManifest.xml
		INJECTED from src/main/AndroidManifest.xml
	xmlns:android
		ADDED from src/main/AndroidManifest.xml:19:5-63
	android:versionCode
		INJECTED from src/main/AndroidManifest.xml
		INJECTED from src/main/AndroidManifest.xml
uses-permission#android.permission.INTERNET
ADDED from src/main/AndroidManifest.xml:22:5-67
MERGED from [com.google.android.gms:play-services-ads:8.4.0] AndroidManifest.xml:20:5-66
	android:name
		ADDED from src/main/AndroidManifest.xml:22:22-64
uses-permission#com.android.providers.tv.permission.READ_EPG_DATA
ADDED from src/main/AndroidManifest.xml:25:5-89
	android:name
		ADDED from src/main/AndroidManifest.xml:25:22-86
uses-permission#com.android.providers.tv.permission.WRITE_EPG_DATA
ADDED from src/main/AndroidManifest.xml:28:5-90
	android:name
		ADDED from src/main/AndroidManifest.xml:28:22-87
uses-permission#android.permission.RECEIVE_BOOT_COMPLETED
ADDED from src/main/AndroidManifest.xml:32:5-80
	android:name
		ADDED from src/main/AndroidManifest.xml:32:22-78
uses-feature#android.hardware.touchscreen
ADDED from src/main/AndroidManifest.xml:34:5-36:36
	android:required
		ADDED from src/main/AndroidManifest.xml:36:9-33
	android:name
		ADDED from src/main/AndroidManifest.xml:35:9-52
uses-feature#android.software.leanback
ADDED from src/main/AndroidManifest.xml:37:5-39:35
	android:required
		ADDED from src/main/AndroidManifest.xml:39:9-32
	android:name
		ADDED from src/main/AndroidManifest.xml:38:9-49
uses-feature#android.software.live_tv
ADDED from src/main/AndroidManifest.xml:43:5-45:35
	android:required
		ADDED from src/main/AndroidManifest.xml:45:9-32
	android:name
		ADDED from src/main/AndroidManifest.xml:44:9-48
application
ADDED from src/main/AndroidManifest.xml:47:5-124:19
MERGED from [com.android.support:leanback-v17:24.0.0] AndroidManifest.xml:22:5-20
MERGED from [com.google.android.libraries.tv:companionlibrary:0.2] AndroidManifest.xml:26:5-20
MERGED from [com.android.support:appcompat-v7:24.0.0] AndroidManifest.xml:25:5-20
MERGED from [com.android.support:animated-vector-drawable:24.0.0] AndroidManifest.xml:22:5-20
MERGED from [com.android.support:support-vector-drawable:24.0.0] AndroidManifest.xml:23:5-20
MERGED from [com.google.android.gms:play-services-ads:8.4.0] AndroidManifest.xml:24:5-32:19
MERGED from [com.google.android.gms:play-services-basement:8.4.0] AndroidManifest.xml:20:5-24:19
MERGED from [com.android.support:support-v4:24.0.0] AndroidManifest.xml:25:5-20
	android:label
		ADDED from src/main/AndroidManifest.xml:50:9-41
	android:allowBackup
		ADDED from src/main/AndroidManifest.xml:48:9-36
	android:icon
		ADDED from src/main/AndroidManifest.xml:49:9-46
	android:theme
		ADDED from src/main/AndroidManifest.xml:51:9-46
activity#com.github.diegofn.colombiatv-androidtv.MainActivity
ADDED from src/main/AndroidManifest.xml:52:9-57:20
	android:name
		ADDED from src/main/AndroidManifest.xml:52:19-47
intent-filter#android.intent.action.MAIN+android.intent.category.LEANBACK_LAUNCHER
ADDED from src/main/AndroidManifest.xml:53:13-56:29
action#android.intent.action.MAIN
ADDED from src/main/AndroidManifest.xml:54:17-69
	android:name
		ADDED from src/main/AndroidManifest.xml:54:25-66
category#android.intent.category.LEANBACK_LAUNCHER
ADDED from src/main/AndroidManifest.xml:55:17-86
	android:name
		ADDED from src/main/AndroidManifest.xml:55:27-83
activity#com.github.diegofn.colombiatv-androidtv.rich.RichTvInputSetupActivity
ADDED from src/main/AndroidManifest.xml:61:9-65:20
	android:name
		ADDED from src/main/AndroidManifest.xml:61:19-64
intent-filter#android.intent.action.MAIN
ADDED from src/main/AndroidManifest.xml:62:13-64:29
activity#com.github.diegofn.colombiatv-androidtv.rich.RichAppLinkDetailsActivity
ADDED from src/main/AndroidManifest.xml:69:9-75:20
	android:theme
		ADDED from src/main/AndroidManifest.xml:71:13-53
	android:name
		ADDED from src/main/AndroidManifest.xml:70:13-60
activity#com.github.diegofn.colombiatv-androidtv.rich.RichAppLinkSidePanelActivity
ADDED from src/main/AndroidManifest.xml:79:9-85:20
	android:theme
		ADDED from src/main/AndroidManifest.xml:81:13-47
	android:name
		ADDED from src/main/AndroidManifest.xml:80:13-62
service#com.github.diegofn.colombiatv-androidtv.rich.RichTvInputService
ADDED from src/main/AndroidManifest.xml:92:9-105:19
	android:label
		ADDED from src/main/AndroidManifest.xml:94:13-53
	android:permission
		ADDED from src/main/AndroidManifest.xml:95:13-66
	android:name
		ADDED from src/main/AndroidManifest.xml:93:13-52
intent-filter#android.media.tv.TvInputService
ADDED from src/main/AndroidManifest.xml:97:13-99:29
action#android.media.tv.TvInputService
ADDED from src/main/AndroidManifest.xml:98:17-74
	android:name
		ADDED from src/main/AndroidManifest.xml:98:25-71
meta-data#android.media.tv.input
ADDED from src/main/AndroidManifest.xml:102:13-104:62
	android:resource
		ADDED from src/main/AndroidManifest.xml:104:17-59
	android:name
		ADDED from src/main/AndroidManifest.xml:103:17-54
service#com.github.diegofn.colombiatv-androidtv.SampleJobService
ADDED from src/main/AndroidManifest.xml:108:9-111:39
	android:exported
		ADDED from src/main/AndroidManifest.xml:111:13-36
	android:permission
		ADDED from src/main/AndroidManifest.xml:110:13-69
	android:name
		ADDED from src/main/AndroidManifest.xml:109:13-45
receiver#com.github.diegofn.colombiatv-androidtv.rich.RichBootReceiver
ADDED from src/main/AndroidManifest.xml:114:9-118:20
	android:name
		ADDED from src/main/AndroidManifest.xml:114:19-56
intent-filter#android.intent.action.BOOT_COMPLETED
ADDED from src/main/AndroidManifest.xml:115:13-117:29
action#android.intent.action.BOOT_COMPLETED
ADDED from src/main/AndroidManifest.xml:116:17-79
	android:name
		ADDED from src/main/AndroidManifest.xml:116:25-76
meta-data#com.google.android.gms.version
ADDED from src/main/AndroidManifest.xml:121:9-123:69
MERGED from [com.google.android.gms:play-services-basement:8.4.0] AndroidManifest.xml:21:9-23:69
	android:value
		ADDED from src/main/AndroidManifest.xml:123:13-66
	android:name
		ADDED from src/main/AndroidManifest.xml:122:13-58
uses-sdk
INJECTED from src/main/AndroidManifest.xml reason: use-sdk injection requested
MERGED from [com.android.support:leanback-v17:24.0.0] AndroidManifest.xml:20:5-44
MERGED from [com.android.support:recyclerview-v7:24.0.0] AndroidManifest.xml:20:5-43
MERGED from [com.google.android.exoplayer:exoplayer:r1.5.16] AndroidManifest.xml:24:5-26:41
MERGED from [com.google.android.libraries.tv:companionlibrary:0.2] AndroidManifest.xml:22:5-24:41
MERGED from [com.android.support:appcompat-v7:24.0.0] AndroidManifest.xml:21:5-23:78
MERGED from [com.android.support:animated-vector-drawable:24.0.0] AndroidManifest.xml:20:5-44
MERGED from [com.android.support:support-vector-drawable:24.0.0] AndroidManifest.xml:21:5-43
MERGED from [com.google.android.gms:play-services-ads:8.4.0] AndroidManifest.xml:23:5-42
MERGED from [com.google.android.gms:play-services-basement:8.4.0] AndroidManifest.xml:18:5-42
MERGED from [com.android.support:support-v4:24.0.0] AndroidManifest.xml:21:5-23:54
	tools:overrideLibrary
		ADDED from [com.android.support:appcompat-v7:24.0.0] AndroidManifest.xml:23:9-75
	android:targetSdkVersion
		INJECTED from src/main/AndroidManifest.xml
		INJECTED from src/main/AndroidManifest.xml
	android:minSdkVersion
		INJECTED from src/main/AndroidManifest.xml
		INJECTED from src/main/AndroidManifest.xml
uses-permission#android.permission.ACCESS_NETWORK_STATE
ADDED from [com.google.android.gms:play-services-ads:8.4.0] AndroidManifest.xml:21:5-78
	android:name
		ADDED from [com.google.android.gms:play-services-ads:8.4.0] AndroidManifest.xml:21:22-76
activity#com.google.android.gms.ads.AdActivity
ADDED from [com.google.android.gms:play-services-ads:8.4.0] AndroidManifest.xml:26:9-29:64
	android:configChanges
		ADDED from [com.google.android.gms:play-services-ads:8.4.0] AndroidManifest.xml:28:13-122
	android:theme
		ADDED from [com.google.android.gms:play-services-ads:8.4.0] AndroidManifest.xml:29:13-61
	android:name
		ADDED from [com.google.android.gms:play-services-ads:8.4.0] AndroidManifest.xml:27:13-65
activity#com.google.android.gms.ads.purchase.InAppPurchaseActivity
ADDED from [com.google.android.gms:play-services-ads:8.4.0] AndroidManifest.xml:30:9-31:52
	android:theme
		ADDED from [com.google.android.gms:play-services-ads:8.4.0] AndroidManifest.xml:31:13-50
	android:name
		ADDED from [com.google.android.gms:play-services-ads:8.4.0] AndroidManifest.xml:30:19-91